# JRE version: OpenJDK Runtime Environment (8.0_152-b01) (build 1.8.0_152-release-1248-b01)
# Java VM: OpenJDK 64-Bit Server VM (25.152-b01 mixed mode windows-amd64 compressed oops)
Heap:
 PSYoungGen      total 314880K, used 89590K [0x00000000e0000000, 0x00000000f6e80000, 0x0000000100000000)
  eden space 301568K, 25% used [0x00000000e0000000,0x00000000e4ab0178,0x00000000f2680000)
  from space 13312K, 98% used [0x00000000f4e00000,0x00000000f5acd6c0,0x00000000f5b00000)
  to   space 19968K, 0% used [0x00000000f5b00000,0x00000000f5b00000,0x00000000f6e80000)
 ParOldGen       total 75776K, used 52865K [0x00000000a0000000, 0x00000000a4a00000, 0x00000000e0000000)
  object space 75776K, 69% used [0x00000000a0000000,0x00000000a33a0760,0x00000000a4a00000)
 Metaspace       used 87873K, capacity 91726K, committed 91824K, reserved 1128448K
  class space    used 11090K, capacity 11854K, committed 11952K, reserved 1048576K
GC Heap History (10 events):
Event: 1046.285 GC heap before
{Heap before GC invocations=24 (full 3):
 PSYoungGen      total 388096K, used 385300K [0x00000000e0000000, 0x00000000f9700000, 0x0000000100000000)
  eden space 377856K, 99% used [0x00000000e0000000,0x00000000f6ed7608,0x00000000f7100000)
  from space 10240K, 94% used [0x00000000f8d00000,0x00000000f966db40,0x00000000f9700000)
  to   space 19456K, 0% used [0x00000000f7100000,0x00000000f7100000,0x00000000f8400000)
 ParOldGen       total 75776K, used 44002K [0x00000000a0000000, 0x00000000a4a00000, 0x00000000e0000000)
  object space 75776K, 58% used [0x00000000a0000000,0x00000000a2af88c8,0x00000000a4a00000)
 Metaspace       used 86422K, capacity 89506K, committed 89776K, reserved 1128448K
  class space    used 10983K, capacity 11660K, committed 11696K, reserved 1048576K
Event: 1046.322 GC heap after
Heap after GC invocations=24 (full 3):
 PSYoungGen      total 380416K, used 19445K [0x00000000e0000000, 0x00000000f9180000, 0x0000000100000000)
  eden space 360960K, 0% used [0x00000000e0000000,0x00000000e0000000,0x00000000f6080000)
  from space 19456K, 99% used [0x00000000f7100000,0x00000000f83fd708,0x00000000f8400000)
  to   space 13824K, 0% used [0x00000000f8400000,0x00000000f8400000,0x00000000f9180000)
 ParOldGen       total 75776K, used 51531K [0x00000000a0000000, 0x00000000a4a00000, 0x00000000e0000000)
  object space 75776K, 68% used [0x00000000a0000000,0x00000000a3252df0,0x00000000a4a00000)
 Metaspace       used 86422K, capacity 89506K, committed 89776K, reserved 1128448K
  class space    used 10983K, capacity 11660K, committed 11696K, reserved 1048576K
}
Event: 1157.894 GC heap before
{Heap before GC invocations=25 (full 3):
 PSYoungGen      total 380416K, used 379591K [0x00000000e0000000, 0x00000000f9180000, 0x0000000100000000)
  eden space 360960K, 99% used [0x00000000e0000000,0x00000000f5fb48a8,0x00000000f6080000)
  from space 19456K, 99% used [0x00000000f7100000,0x00000000f83fd708,0x00000000f8400000)
  to   space 13824K, 0% used [0x00000000f8400000,0x00000000f8400000,0x00000000f9180000)
 ParOldGen       total 75776K, used 51531K [0x00000000a0000000, 0x00000000a4a00000, 0x00000000e0000000)
  object space 75776K, 68% used [0x00000000a0000000,0x00000000a3252df0,0x00000000a4a00000)
 Metaspace       used 86700K, capacity 89884K, committed 90032K, reserved 1128448K
  class space    used 10987K, capacity 11667K, committed 11696K, reserved 1048576K
Event: 1157.919 GC heap after
Heap after GC invocations=25 (full 3):
 PSYoungGen      total 358912K, used 13821K [0x00000000e0000000, 0x00000000f9180000, 0x0000000100000000)
  eden space 345088K, 0% used [0x00000000e0000000,0x00000000e0000000,0x00000000f5100000)
  from space 13824K, 99% used [0x00000000f8400000,0x00000000f917f7a8,0x00000000f9180000)
  to   space 24576K, 0% used [0x00000000f6180000,0x00000000f6180000,0x00000000f7980000)
 ParOldGen       total 75776K, used 52202K [0x00000000a0000000, 0x00000000a4a00000, 0x00000000e0000000)
  object space 75776K, 68% used [0x00000000a0000000,0x00000000a32fa888,0x00000000a4a00000)
 Metaspace       used 86700K, capacity 89884K, committed 90032K, reserved 1128448K
  class space    used 10987K, capacity 11667K, committed 11696K, reserved 1048576K
}
Event: 1217.136 GC heap before
{Heap before GC invocations=26 (full 3):
 PSYoungGen      total 358912K, used 358909K [0x00000000e0000000, 0x00000000f9180000, 0x0000000100000000)
  eden space 345088K, 100% used [0x00000000e0000000,0x00000000f5100000,0x00000000f5100000)
  from space 13824K, 99% used [0x00000000f8400000,0x00000000f917f7a8,0x00000000f9180000)
  to   space 24576K, 0% used [0x00000000f6180000,0x00000000f6180000,0x00000000f7980000)
 ParOldGen       total 75776K, used 52202K [0x00000000a0000000, 0x00000000a4a00000, 0x00000000e0000000)
  object space 75776K, 68% used [0x00000000a0000000,0x00000000a32fa888,0x00000000a4a00000)
 Metaspace       used 87292K, capacity 91060K, committed 91184K, reserved 1128448K
  class space    used 11070K, capacity 11819K, committed 11824K, reserved 1048576K
Event: 1217.212 GC heap after
Heap after GC invocations=26 (full 3):
 PSYoungGen      total 342528K, used 12295K [0x00000000e0000000, 0x00000000f8480000, 0x0000000100000000)
  eden space 329728K, 0% used [0x00000000e0000000,0x00000000e0000000,0x00000000f4200000)
  from space 12800K, 96% used [0x00000000f6180000,0x00000000f6d81fa8,0x00000000f6e00000)
  to   space 23040K, 0% used [0x00000000f6e00000,0x00000000f6e00000,0x00000000f8480000)
 ParOldGen       total 75776K, used 52849K [0x00000000a0000000, 0x00000000a4a00000, 0x00000000e0000000)
  object space 75776K, 69% used [0x00000000a0000000,0x00000000a339c760,0x00000000a4a00000)
 Metaspace       used 87292K, capacity 91060K, committed 91184K, reserved 1128448K
  class space    used 11070K, capacity 11819K, committed 11824K, reserved 1048576K
}
Event: 1302.932 GC heap before
{Heap before GC invocations=27 (full 3):
 PSYoungGen      total 342528K, used 342023K [0x00000000e0000000, 0x00000000f8480000, 0x0000000100000000)
  eden space 329728K, 100% used [0x00000000e0000000,0x00000000f4200000,0x00000000f4200000)
  from space 12800K, 96% used [0x00000000f6180000,0x00000000f6d81fa8,0x00000000f6e00000)
  to   space 23040K, 0% used [0x00000000f6e00000,0x00000000f6e00000,0x00000000f8480000)
 ParOldGen       total 75776K, used 52849K [0x00000000a0000000, 0x00000000a4a00000, 0x00000000e0000000)
  object space 75776K, 69% used [0x00000000a0000000,0x00000000a339c760,0x00000000a4a00000)
 Metaspace       used 87638K, capacity 91466K, committed 91568K, reserved 1128448K
  class space    used 11089K, capacity 11854K, committed 11952K, reserved 1048576K
Event: 1303.036 GC heap after
Heap after GC invocations=27 (full 3):
 PSYoungGen      total 328704K, used 13006K [0x00000000e0000000, 0x00000000f7b00000, 0x0000000100000000)
  eden space 315392K, 0% used [0x00000000e0000000,0x00000000e0000000,0x00000000f3400000)
  from space 13312K, 97% used [0x00000000f6e00000,0x00000000f7ab3b00,0x00000000f7b00000)
  to   space 23040K, 0% used [0x00000000f4e00000,0x00000000f4e00000,0x00000000f6480000)
 ParOldGen       total 75776K, used 52857K [0x00000000a0000000, 0x00000000a4a00000, 0x00000000e0000000)
  object space 75776K, 69% used [0x00000000a0000000,0x00000000a339e760,0x00000000a4a00000)
 Metaspace       used 87638K, capacity 91466K, committed 91568K, reserved 1128448K
  class space    used 11089K, capacity 11854K, committed 11952K, reserved 1048576K
}
Event: 1740.995 GC heap before
{Heap before GC invocations=28 (full 3):
 PSYoungGen      total 328704K, used 328398K [0x00000000e0000000, 0x00000000f7b00000, 0x0000000100000000)
  eden space 315392K, 100% used [0x00000000e0000000,0x00000000f3400000,0x00000000f3400000)
  from space 13312K, 97% used [0x00000000f6e00000,0x00000000f7ab3b00,0x00000000f7b00000)
  to   space 23040K, 0% used [0x00000000f4e00000,0x00000000f4e00000,0x00000000f6480000)
 ParOldGen       total 75776K, used 52857K [0x00000000a0000000, 0x00000000a4a00000, 0x00000000e0000000)
  object space 75776K, 69% used [0x00000000a0000000,0x00000000a339e760,0x00000000a4a00000)
 Metaspace       used 87860K, capacity 91726K, committed 91824K, reserved 1128448K
  class space    used 11089K, capacity 11854K, committed 11952K, reserved 1048576K
Event: 1741.072 GC heap after
Heap after GC invocations=28 (full 3):
 PSYoungGen      total 314880K, used 13109K [0x00000000e0000000, 0x00000000f6e80000, 0x0000000100000000)
  eden space 301568K, 0% used [0x00000000e0000000,0x00000000e0000000,0x00000000f2680000)
  from space 13312K, 98% used [0x00000000f4e00000,0x00000000f5acd6c0,0x00000000f5b00000)
  to   space 19968K, 0% used [0x00000000f5b00000,0x00000000f5b00000,0x00000000f6e80000)
 ParOldGen       total 75776K, used 52865K [0x00000000a0000000, 0x00000000a4a00000, 0x00000000e0000000)
  object space 75776K, 69% used [0x00000000a0000000,0x00000000a33a0760,0x00000000a4a00000)
 Metaspace       used 87860K, capacity 91726K, committed 91824K, reserved 1128448K
  class space    used 11089K, capacity 11854K, committed 11952K, reserved 1048576K
}

