# JRE version: OpenJDK Runtime Environment (8.0_152-b01) (build 1.8.0_152-release-1248-b01)
# Java VM: OpenJDK 64-Bit Server VM (25.152-b01 mixed mode windows-amd64 compressed oops)
Heap:
 PSYoungGen      total 430080K, used 189185K [0x00000000e0000000, 0x00000000fda00000, 0x0000000100000000)
  eden space 397312K, 39% used [0x00000000e0000000,0x00000000e98c3998,0x00000000f8400000)
  from space 32768K, 99% used [0x00000000f9e80000,0x00000000fbe7cce0,0x00000000fbe80000)
  to   space 28160K, 0% used [0x00000000fbe80000,0x00000000fbe80000,0x00000000fda00000)
 ParOldGen       total 105984K, used 59284K [0x00000000a0000000, 0x00000000a6780000, 0x00000000e0000000)
  object space 105984K, 55% used [0x00000000a0000000,0x00000000a39e53a8,0x00000000a6780000)
 Metaspace       used 89668K, capacity 92944K, committed 93104K, reserved 1130496K
  class space    used 11171K, capacity 11851K, committed 11952K, reserved 1048576K
GC Heap History (10 events):
Event: 1432.285 GC heap before
{Heap before GC invocations=25 (full 4):
 PSYoungGen      total 430080K, used 398336K [0x00000000e0000000, 0x00000000fc680000, 0x0000000100000000)
  eden space 398336K, 100% used [0x00000000e0000000,0x00000000f8500000,0x00000000f8500000)
  from space 31744K, 0% used [0x00000000fa480000,0x00000000fa480000,0x00000000fc380000)
  to   space 32256K, 0% used [0x00000000f8500000,0x00000000f8500000,0x00000000fa480000)
 ParOldGen       total 105984K, used 42483K [0x00000000a0000000, 0x00000000a6780000, 0x00000000e0000000)
  object space 105984K, 40% used [0x00000000a0000000,0x00000000a297cd38,0x00000000a6780000)
 Metaspace       used 87424K, capacity 90416K, committed 90544K, reserved 1128448K
  class space    used 11053K, capacity 11693K, committed 11696K, reserved 1048576K
Event: 1432.382 GC heap after
Heap after GC invocations=25 (full 4):
 PSYoungGen      total 430592K, used 8616K [0x00000000e0000000, 0x00000000ffe80000, 0x0000000100000000)
  eden space 398336K, 0% used [0x00000000e0000000,0x00000000e0000000,0x00000000f8500000)
  from space 32256K, 26% used [0x00000000f8500000,0x00000000f8d6a060,0x00000000fa480000)
  to   space 31232K, 0% used [0x00000000fe000000,0x00000000fe000000,0x00000000ffe80000)
 ParOldGen       total 105984K, used 42491K [0x00000000a0000000, 0x00000000a6780000, 0x00000000e0000000)
  object space 105984K, 40% used [0x00000000a0000000,0x00000000a297ed38,0x00000000a6780000)
 Metaspace       used 87424K, capacity 90416K, committed 90544K, reserved 1128448K
  class space    used 11053K, capacity 11693K, committed 11696K, reserved 1048576K
}
Event: 1443.342 GC heap before
{Heap before GC invocations=26 (full 4):
 PSYoungGen      total 430592K, used 405643K [0x00000000e0000000, 0x00000000ffe80000, 0x0000000100000000)
  eden space 398336K, 99% used [0x00000000e0000000,0x00000000f83b8f00,0x00000000f8500000)
  from space 32256K, 26% used [0x00000000f8500000,0x00000000f8d6a060,0x00000000fa480000)
  to   space 31232K, 0% used [0x00000000fe000000,0x00000000fe000000,0x00000000ffe80000)
 ParOldGen       total 105984K, used 42491K [0x00000000a0000000, 0x00000000a6780000, 0x00000000e0000000)
  object space 105984K, 40% used [0x00000000a0000000,0x00000000a297ed38,0x00000000a6780000)
 Metaspace       used 88477K, capacity 91450K, committed 91696K, reserved 1128448K
  class space    used 11115K, capacity 11754K, committed 11824K, reserved 1048576K
Event: 1443.367 GC heap after
Heap after GC invocations=26 (full 4):
 PSYoungGen      total 482304K, used 19462K [0x00000000e0000000, 0x00000000ffa80000, 0x0000000100000000)
  eden space 455168K, 0% used [0x00000000e0000000,0x00000000e0000000,0x00000000fbc80000)
  from space 27136K, 71% used [0x00000000fe000000,0x00000000ff3019a0,0x00000000ffa80000)
  to   space 31744K, 0% used [0x00000000fbc80000,0x00000000fbc80000,0x00000000fdb80000)
 ParOldGen       total 105984K, used 42499K [0x00000000a0000000, 0x00000000a6780000, 0x00000000e0000000)
  object space 105984K, 40% used [0x00000000a0000000,0x00000000a2980d38,0x00000000a6780000)
 Metaspace       used 88477K, capacity 91450K, committed 91696K, reserved 1128448K
  class space    used 11115K, capacity 11754K, committed 11824K, reserved 1048576K
}
Event: 1540.186 GC heap before
{Heap before GC invocations=27 (full 4):
 PSYoungGen      total 482304K, used 474630K [0x00000000e0000000, 0x00000000ffa80000, 0x0000000100000000)
  eden space 455168K, 100% used [0x00000000e0000000,0x00000000fbc80000,0x00000000fbc80000)
  from space 27136K, 71% used [0x00000000fe000000,0x00000000ff3019a0,0x00000000ffa80000)
  to   space 31744K, 0% used [0x00000000fbc80000,0x00000000fbc80000,0x00000000fdb80000)
 ParOldGen       total 105984K, used 42499K [0x00000000a0000000, 0x00000000a6780000, 0x00000000e0000000)
  object space 105984K, 40% used [0x00000000a0000000,0x00000000a2980d38,0x00000000a6780000)
 Metaspace       used 88636K, capacity 91708K, committed 91952K, reserved 1130496K
  class space    used 11122K, capacity 11765K, committed 11824K, reserved 1048576K
Event: 1540.199 GC heap after
Heap after GC invocations=27 (full 4):
 PSYoungGen      total 443904K, used 8307K [0x00000000e0000000, 0x00000000fe600000, 0x0000000100000000)
  eden space 435200K, 0% used [0x00000000e0000000,0x00000000e0000000,0x00000000fa900000)
  from space 8704K, 95% used [0x00000000fbc80000,0x00000000fc49ccf0,0x00000000fc500000)
  to   space 31232K, 0% used [0x00000000fc780000,0x00000000fc780000,0x00000000fe600000)
 ParOldGen       total 105984K, used 42507K [0x00000000a0000000, 0x00000000a6780000, 0x00000000e0000000)
  object space 105984K, 40% used [0x00000000a0000000,0x00000000a2982d38,0x00000000a6780000)
 Metaspace       used 88636K, capacity 91708K, committed 91952K, reserved 1130496K
  class space    used 11122K, capacity 11765K, committed 11824K, reserved 1048576K
}
Event: 1693.753 GC heap before
{Heap before GC invocations=28 (full 4):
 PSYoungGen      total 443904K, used 443278K [0x00000000e0000000, 0x00000000fe600000, 0x0000000100000000)
  eden space 435200K, 99% used [0x00000000e0000000,0x00000000fa8c6c68,0x00000000fa900000)
  from space 8704K, 95% used [0x00000000fbc80000,0x00000000fc49ccf0,0x00000000fc500000)
  to   space 31232K, 0% used [0x00000000fc780000,0x00000000fc780000,0x00000000fe600000)
 ParOldGen       total 105984K, used 42507K [0x00000000a0000000, 0x00000000a6780000, 0x00000000e0000000)
  object space 105984K, 40% used [0x00000000a0000000,0x00000000a2982d38,0x00000000a6780000)
 Metaspace       used 89165K, capacity 92244K, committed 92464K, reserved 1130496K
  class space    used 11136K, capacity 11789K, committed 11824K, reserved 1048576K
Event: 1693.819 GC heap after
Heap after GC invocations=28 (full 4):
 PSYoungGen      total 439296K, used 23138K [0x00000000e0000000, 0x00000000fde80000, 0x0000000100000000)
  eden space 415744K, 0% used [0x00000000e0000000,0x00000000e0000000,0x00000000f9600000)
  from space 23552K, 98% used [0x00000000fc780000,0x00000000fde189a8,0x00000000fde80000)
  to   space 32768K, 0% used [0x00000000f9e80000,0x00000000f9e80000,0x00000000fbe80000)
 ParOldGen       total 105984K, used 42515K [0x00000000a0000000, 0x00000000a6780000, 0x00000000e0000000)
  object space 105984K, 40% used [0x00000000a0000000,0x00000000a2984d38,0x00000000a6780000)
 Metaspace       used 89165K, capacity 92244K, committed 92464K, reserved 1130496K
  class space    used 11136K, capacity 11789K, committed 11824K, reserved 1048576K
}
Event: 1812.199 GC heap before
{Heap before GC invocations=29 (full 4):
 PSYoungGen      total 439296K, used 438882K [0x00000000e0000000, 0x00000000fde80000, 0x0000000100000000)
  eden space 415744K, 100% used [0x00000000e0000000,0x00000000f9600000,0x00000000f9600000)
  from space 23552K, 98% used [0x00000000fc780000,0x00000000fde189a8,0x00000000fde80000)
  to   space 32768K, 0% used [0x00000000f9e80000,0x00000000f9e80000,0x00000000fbe80000)
 ParOldGen       total 105984K, used 42515K [0x00000000a0000000, 0x00000000a6780000, 0x00000000e0000000)
  object space 105984K, 40% used [0x00000000a0000000,0x00000000a2984d38,0x00000000a6780000)
 Metaspace       used 89555K, capacity 92842K, committed 93104K, reserved 1130496K
  class space    used 11168K, capacity 11846K, committed 11952K, reserved 1048576K
Event: 1812.452 GC heap after
Heap after GC invocations=29 (full 4):
 PSYoungGen      total 430080K, used 32755K [0x00000000e0000000, 0x00000000fda00000, 0x0000000100000000)
  eden space 397312K, 0% used [0x00000000e0000000,0x00000000e0000000,0x00000000f8400000)
  from space 32768K, 99% used [0x00000000f9e80000,0x00000000fbe7cce0,0x00000000fbe80000)
  to   space 28160K, 0% used [0x00000000fbe80000,0x00000000fbe80000,0x00000000fda00000)
 ParOldGen       total 105984K, used 59284K [0x00000000a0000000, 0x00000000a6780000, 0x00000000e0000000)
  object space 105984K, 55% used [0x00000000a0000000,0x00000000a39e53a8,0x00000000a6780000)
 Metaspace       used 89555K, capacity 92842K, committed 93104K, reserved 1130496K
  class space    used 11168K, capacity 11846K, committed 11952K, reserved 1048576K
}

