# JRE version: OpenJDK Runtime Environment (8.0_152-b01) (build 1.8.0_152-release-1343-b01)
# Java VM: OpenJDK 64-Bit Server VM (25.152-b01 mixed mode windows-amd64 compressed oops)
Heap:
 PSYoungGen      total 145408K, used 28693K [0x00000000e0000000, 0x00000000ed480000, 0x0000000100000000)
  eden space 133632K, 21% used [0x00000000e0000000,0x00000000e1c054f0,0x00000000e8280000)
  from space 11776K, 0% used [0x00000000e8d80000,0x00000000e8d80000,0x00000000e9900000)
  to   space 11264K, 0% used [0x00000000e8280000,0x00000000e8280000,0x00000000e8d80000)
 ParOldGen       total 36864K, used 14692K [0x00000000a0000000, 0x00000000a2400000, 0x00000000e0000000)
  object space 36864K, 39% used [0x00000000a0000000,0x00000000a0e591b8,0x00000000a2400000)
 Metaspace       used 38726K, capacity 39358K, committed 39680K, reserved 1087488K
  class space    used 5310K, capacity 5549K, committed 5632K, reserved 1048576K
GC Heap History (10 events):
Event: 5.093 GC heap before
{Heap before GC invocations=8 (full 1):
 PSYoungGen      total 72192K, used 7539K [0x00000000e0000000, 0x00000000e8f00000, 0x0000000100000000)
  eden space 64512K, 0% used [0x00000000e0000000,0x00000000e0000000,0x00000000e3f00000)
  from space 7680K, 98% used [0x00000000e3f00000,0x00000000e465cd10,0x00000000e4680000)
  to   space 8704K, 0% used [0x00000000e8680000,0x00000000e8680000,0x00000000e8f00000)
 ParOldGen       total 44032K, used 7117K [0x00000000a0000000, 0x00000000a2b00000, 0x00000000e0000000)
  object space 44032K, 16% used [0x00000000a0000000,0x00000000a06f3730,0x00000000a2b00000)
 Metaspace       used 20718K, capacity 21160K, committed 21296K, reserved 1067008K
  class space    used 2916K, capacity 3121K, committed 3200K, reserved 1048576K
Event: 5.158 GC heap after
Heap after GC invocations=8 (full 1):
 PSYoungGen      total 72192K, used 0K [0x00000000e0000000, 0x00000000e8f00000, 0x0000000100000000)
  eden space 64512K, 0% used [0x00000000e0000000,0x00000000e0000000,0x00000000e3f00000)
  from space 7680K, 0% used [0x00000000e3f00000,0x00000000e3f00000,0x00000000e4680000)
  to   space 8704K, 0% used [0x00000000e8680000,0x00000000e8680000,0x00000000e8f00000)
 ParOldGen       total 36864K, used 9747K [0x00000000a0000000, 0x00000000a2400000, 0x00000000e0000000)
  object space 36864K, 26% used [0x00000000a0000000,0x00000000a0984d48,0x00000000a2400000)
 Metaspace       used 20718K, capacity 21160K, committed 21296K, reserved 1067008K
  class space    used 2916K, capacity 3121K, committed 3200K, reserved 1048576K
}
Event: 6.392 GC heap before
{Heap before GC invocations=9 (full 1):
 PSYoungGen      total 72192K, used 64512K [0x00000000e0000000, 0x00000000e8f00000, 0x0000000100000000)
  eden space 64512K, 100% used [0x00000000e0000000,0x00000000e3f00000,0x00000000e3f00000)
  from space 7680K, 0% used [0x00000000e3f00000,0x00000000e3f00000,0x00000000e4680000)
  to   space 8704K, 0% used [0x00000000e8680000,0x00000000e8680000,0x00000000e8f00000)
 ParOldGen       total 36864K, used 9747K [0x00000000a0000000, 0x00000000a2400000, 0x00000000e0000000)
  object space 36864K, 26% used [0x00000000a0000000,0x00000000a0984d48,0x00000000a2400000)
 Metaspace       used 26670K, capacity 27154K, committed 27264K, reserved 1073152K
  class space    used 3726K, capacity 3900K, committed 3968K, reserved 1048576K
Event: 6.403 GC heap after
Heap after GC invocations=9 (full 1):
 PSYoungGen      total 107008K, used 6357K [0x00000000e0000000, 0x00000000e8d00000, 0x0000000100000000)
  eden space 100352K, 0% used [0x00000000e0000000,0x00000000e0000000,0x00000000e6200000)
  from space 6656K, 95% used [0x00000000e8680000,0x00000000e8cb57b8,0x00000000e8d00000)
  to   space 9216K, 0% used [0x00000000e7b00000,0x00000000e7b00000,0x00000000e8400000)
 ParOldGen       total 36864K, used 9755K [0x00000000a0000000, 0x00000000a2400000, 0x00000000e0000000)
  object space 36864K, 26% used [0x00000000a0000000,0x00000000a0986d48,0x00000000a2400000)
 Metaspace       used 26670K, capacity 27154K, committed 27264K, reserved 1073152K
  class space    used 3726K, capacity 3900K, committed 3968K, reserved 1048576K
}
Event: 9.170 GC heap before
{Heap before GC invocations=10 (full 1):
 PSYoungGen      total 107008K, used 106709K [0x00000000e0000000, 0x00000000e8d00000, 0x0000000100000000)
  eden space 100352K, 100% used [0x00000000e0000000,0x00000000e6200000,0x00000000e6200000)
  from space 6656K, 95% used [0x00000000e8680000,0x00000000e8cb57b8,0x00000000e8d00000)
  to   space 9216K, 0% used [0x00000000e7b00000,0x00000000e7b00000,0x00000000e8400000)
 ParOldGen       total 36864K, used 9755K [0x00000000a0000000, 0x00000000a2400000, 0x00000000e0000000)
  object space 36864K, 26% used [0x00000000a0000000,0x00000000a0986d48,0x00000000a2400000)
 Metaspace       used 34796K, capacity 35444K, committed 35496K, reserved 1079296K
  class space    used 4862K, capacity 5080K, committed 5120K, reserved 1048576K
Event: 9.208 GC heap after
Heap after GC invocations=10 (full 1):
 PSYoungGen      total 135168K, used 9193K [0x00000000e0000000, 0x00000000e9900000, 0x0000000100000000)
  eden space 125952K, 0% used [0x00000000e0000000,0x00000000e0000000,0x00000000e7b00000)
  from space 9216K, 99% used [0x00000000e7b00000,0x00000000e83fa4b8,0x00000000e8400000)
  to   space 11776K, 0% used [0x00000000e8d80000,0x00000000e8d80000,0x00000000e9900000)
 ParOldGen       total 36864K, used 13789K [0x00000000a0000000, 0x00000000a2400000, 0x00000000e0000000)
  object space 36864K, 37% used [0x00000000a0000000,0x00000000a0d77538,0x00000000a2400000)
 Metaspace       used 34796K, capacity 35444K, committed 35496K, reserved 1079296K
  class space    used 4862K, capacity 5080K, committed 5120K, reserved 1048576K
}
Event: 9.220 GC heap before
{Heap before GC invocations=11 (full 1):
 PSYoungGen      total 135168K, used 11440K [0x00000000e0000000, 0x00000000e9900000, 0x0000000100000000)
  eden space 125952K, 1% used [0x00000000e0000000,0x00000000e0231d28,0x00000000e7b00000)
  from space 9216K, 99% used [0x00000000e7b00000,0x00000000e83fa4b8,0x00000000e8400000)
  to   space 11776K, 0% used [0x00000000e8d80000,0x00000000e8d80000,0x00000000e9900000)
 ParOldGen       total 36864K, used 13789K [0x00000000a0000000, 0x00000000a2400000, 0x00000000e0000000)
  object space 36864K, 37% used [0x00000000a0000000,0x00000000a0d77538,0x00000000a2400000)
 Metaspace       used 34833K, capacity 35476K, committed 35496K, reserved 1079296K
  class space    used 4868K, capacity 5112K, committed 5120K, reserved 1048576K
Event: 9.232 GC heap after
Heap after GC invocations=11 (full 1):
 PSYoungGen      total 145408K, used 5344K [0x00000000e0000000, 0x00000000ed480000, 0x0000000100000000)
  eden space 133632K, 0% used [0x00000000e0000000,0x00000000e0000000,0x00000000e8280000)
  from space 11776K, 45% used [0x00000000e8d80000,0x00000000e92b8398,0x00000000e9900000)
  to   space 11264K, 0% used [0x00000000e8280000,0x00000000e8280000,0x00000000e8d80000)
 ParOldGen       total 36864K, used 16212K [0x00000000a0000000, 0x00000000a2400000, 0x00000000e0000000)
  object space 36864K, 43% used [0x00000000a0000000,0x00000000a0fd5118,0x00000000a2400000)
 Metaspace       used 34833K, capacity 35476K, committed 35496K, reserved 1079296K
  class space    used 4868K, capacity 5112K, committed 5120K, reserved 1048576K
}
Event: 9.232 GC heap before
{Heap before GC invocations=12 (full 2):
 PSYoungGen      total 145408K, used 5344K [0x00000000e0000000, 0x00000000ed480000, 0x0000000100000000)
  eden space 133632K, 0% used [0x00000000e0000000,0x00000000e0000000,0x00000000e8280000)
  from space 11776K, 45% used [0x00000000e8d80000,0x00000000e92b8398,0x00000000e9900000)
  to   space 11264K, 0% used [0x00000000e8280000,0x00000000e8280000,0x00000000e8d80000)
 ParOldGen       total 36864K, used 16212K [0x00000000a0000000, 0x00000000a2400000, 0x00000000e0000000)
  object space 36864K, 43% used [0x00000000a0000000,0x00000000a0fd5118,0x00000000a2400000)
 Metaspace       used 34833K, capacity 35476K, committed 35496K, reserved 1079296K
  class space    used 4868K, capacity 5112K, committed 5120K, reserved 1048576K
Event: 9.364 GC heap after
Heap after GC invocations=12 (full 2):
 PSYoungGen      total 145408K, used 0K [0x00000000e0000000, 0x00000000ed480000, 0x0000000100000000)
  eden space 133632K, 0% used [0x00000000e0000000,0x00000000e0000000,0x00000000e8280000)
  from space 11776K, 0% used [0x00000000e8d80000,0x00000000e8d80000,0x00000000e9900000)
  to   space 11264K, 0% used [0x00000000e8280000,0x00000000e8280000,0x00000000e8d80000)
 ParOldGen       total 36864K, used 14692K [0x00000000a0000000, 0x00000000a2400000, 0x00000000e0000000)
  object space 36864K, 39% used [0x00000000a0000000,0x00000000a0e591b8,0x00000000a2400000)
 Metaspace       used 34833K, capacity 35476K, committed 35496K, reserved 1079296K
  class space    used 4868K, capacity 5112K, committed 5120K, reserved 1048576K
}

