# JRE version: OpenJDK Runtime Environment (8.0_152-b01) (build 1.8.0_152-release-1343-b01)
# Java VM: OpenJDK 64-Bit Server VM (25.152-b01 mixed mode windows-amd64 compressed oops)
Heap:
 PSYoungGen      total 307200K, used 31116K [0x00000000e0000000, 0x00000000f4100000, 0x0000000100000000)
  eden space 285696K, 8% used [0x00000000e0000000,0x00000000e1719268,0x00000000f1700000)
  from space 21504K, 34% used [0x00000000f1700000,0x00000000f1e49f30,0x00000000f2c00000)
  to   space 12288K, 0% used [0x00000000f3500000,0x00000000f3500000,0x00000000f4100000)
 ParOldGen       total 80384K, used 42707K [0x00000000a0000000, 0x00000000a4e80000, 0x00000000e0000000)
  object space 80384K, 53% used [0x00000000a0000000,0x00000000a29b4cf8,0x00000000a4e80000)
 Metaspace       used 70887K, capacity 73596K, committed 73856K, reserved 1114112K
  class space    used 9156K, capacity 9798K, committed 9856K, reserved 1048576K
GC Heap History (10 events):
Event: 17.771 GC heap before
{Heap before GC invocations=12 (full 2):
 PSYoungGen      total 165888K, used 139001K [0x00000000e0000000, 0x00000000ef980000, 0x0000000100000000)
  eden space 152064K, 82% used [0x00000000e0000000,0x00000000e7a3f5e0,0x00000000e9480000)
  from space 13824K, 99% used [0x00000000e9480000,0x00000000ea1fef58,0x00000000ea200000)
  to   space 17408K, 0% used [0x00000000ee880000,0x00000000ee880000,0x00000000ef980000)
 ParOldGen       total 52736K, used 19196K [0x00000000a0000000, 0x00000000a3380000, 0x00000000e0000000)
  object space 52736K, 36% used [0x00000000a0000000,0x00000000a12bf1d0,0x00000000a3380000)
 Metaspace       used 57432K, capacity 59008K, committed 59136K, reserved 1099776K
  class space    used 7914K, capacity 8343K, committed 8448K, reserved 1048576K
Event: 17.840 GC heap after
Heap after GC invocations=12 (full 2):
 PSYoungGen      total 233984K, used 17396K [0x00000000e0000000, 0x00000000efd80000, 0x0000000100000000)
  eden space 216576K, 0% used [0x00000000e0000000,0x00000000e0000000,0x00000000ed380000)
  from space 17408K, 99% used [0x00000000ee880000,0x00000000ef97d1f0,0x00000000ef980000)
  to   space 21504K, 0% used [0x00000000ed380000,0x00000000ed380000,0x00000000ee880000)
 ParOldGen       total 52736K, used 23273K [0x00000000a0000000, 0x00000000a3380000, 0x00000000e0000000)
  object space 52736K, 44% used [0x00000000a0000000,0x00000000a16ba620,0x00000000a3380000)
 Metaspace       used 57432K, capacity 59008K, committed 59136K, reserved 1099776K
  class space    used 7914K, capacity 8343K, committed 8448K, reserved 1048576K
}
Event: 17.840 GC heap before
{Heap before GC invocations=13 (full 3):
 PSYoungGen      total 233984K, used 17396K [0x00000000e0000000, 0x00000000efd80000, 0x0000000100000000)
  eden space 216576K, 0% used [0x00000000e0000000,0x00000000e0000000,0x00000000ed380000)
  from space 17408K, 99% used [0x00000000ee880000,0x00000000ef97d1f0,0x00000000ef980000)
  to   space 21504K, 0% used [0x00000000ed380000,0x00000000ed380000,0x00000000ee880000)
 ParOldGen       total 52736K, used 23273K [0x00000000a0000000, 0x00000000a3380000, 0x00000000e0000000)
  object space 52736K, 44% used [0x00000000a0000000,0x00000000a16ba620,0x00000000a3380000)
 Metaspace       used 57432K, capacity 59008K, committed 59136K, reserved 1099776K
  class space    used 7914K, capacity 8343K, committed 8448K, reserved 1048576K
Event: 18.155 GC heap after
Heap after GC invocations=13 (full 3):
 PSYoungGen      total 233984K, used 0K [0x00000000e0000000, 0x00000000efd80000, 0x0000000100000000)
  eden space 216576K, 0% used [0x00000000e0000000,0x00000000e0000000,0x00000000ed380000)
  from space 17408K, 0% used [0x00000000ee880000,0x00000000ee880000,0x00000000ef980000)
  to   space 21504K, 0% used [0x00000000ed380000,0x00000000ed380000,0x00000000ee880000)
 ParOldGen       total 80384K, used 35271K [0x00000000a0000000, 0x00000000a4e80000, 0x00000000e0000000)
  object space 80384K, 43% used [0x00000000a0000000,0x00000000a2271e98,0x00000000a4e80000)
 Metaspace       used 57432K, capacity 59008K, committed 59136K, reserved 1099776K
  class space    used 7914K, capacity 8343K, committed 8448K, reserved 1048576K
}
Event: 251.641 GC heap before
{Heap before GC invocations=14 (full 3):
 PSYoungGen      total 233984K, used 216576K [0x00000000e0000000, 0x00000000efd80000, 0x0000000100000000)
  eden space 216576K, 100% used [0x00000000e0000000,0x00000000ed380000,0x00000000ed380000)
  from space 17408K, 0% used [0x00000000ee880000,0x00000000ee880000,0x00000000ef980000)
  to   space 21504K, 0% used [0x00000000ed380000,0x00000000ed380000,0x00000000ee880000)
 ParOldGen       total 80384K, used 35271K [0x00000000a0000000, 0x00000000a4e80000, 0x00000000e0000000)
  object space 80384K, 43% used [0x00000000a0000000,0x00000000a2271e98,0x00000000a4e80000)
 Metaspace       used 64628K, capacity 66682K, committed 66944K, reserved 1107968K
  class space    used 8564K, capacity 9071K, committed 9088K, reserved 1048576K
Event: 251.696 GC heap after
Heap after GC invocations=14 (full 3):
 PSYoungGen      total 238080K, used 14512K [0x00000000e0000000, 0x00000000f4a80000, 0x0000000100000000)
  eden space 216576K, 0% used [0x00000000e0000000,0x00000000e0000000,0x00000000ed380000)
  from space 21504K, 67% used [0x00000000ed380000,0x00000000ee1ac230,0x00000000ee880000)
  to   space 22016K, 0% used [0x00000000f3500000,0x00000000f3500000,0x00000000f4a80000)
 ParOldGen       total 80384K, used 35279K [0x00000000a0000000, 0x00000000a4e80000, 0x00000000e0000000)
  object space 80384K, 43% used [0x00000000a0000000,0x00000000a2273e98,0x00000000a4e80000)
 Metaspace       used 64628K, capacity 66682K, committed 66944K, reserved 1107968K
  class space    used 8564K, capacity 9071K, committed 9088K, reserved 1048576K
}
Event: 625.691 GC heap before
{Heap before GC invocations=15 (full 3):
 PSYoungGen      total 238080K, used 231088K [0x00000000e0000000, 0x00000000f4a80000, 0x0000000100000000)
  eden space 216576K, 100% used [0x00000000e0000000,0x00000000ed380000,0x00000000ed380000)
  from space 21504K, 67% used [0x00000000ed380000,0x00000000ee1ac230,0x00000000ee880000)
  to   space 22016K, 0% used [0x00000000f3500000,0x00000000f3500000,0x00000000f4a80000)
 ParOldGen       total 80384K, used 35279K [0x00000000a0000000, 0x00000000a4e80000, 0x00000000e0000000)
  object space 80384K, 43% used [0x00000000a0000000,0x00000000a2273e98,0x00000000a4e80000)
 Metaspace       used 69613K, capacity 71894K, committed 72192K, reserved 1112064K
  class space    used 9066K, capacity 9617K, committed 9728K, reserved 1048576K
Event: 625.728 GC heap after
Heap after GC invocations=15 (full 3):
 PSYoungGen      total 297984K, used 7870K [0x00000000e0000000, 0x00000000f4100000, 0x0000000100000000)
  eden space 285696K, 0% used [0x00000000e0000000,0x00000000e0000000,0x00000000f1700000)
  from space 12288K, 64% used [0x00000000f3500000,0x00000000f3cafb58,0x00000000f4100000)
  to   space 21504K, 0% used [0x00000000f1700000,0x00000000f1700000,0x00000000f2c00000)
 ParOldGen       total 80384K, used 40355K [0x00000000a0000000, 0x00000000a4e80000, 0x00000000e0000000)
  object space 80384K, 50% used [0x00000000a0000000,0x00000000a2768fa8,0x00000000a4e80000)
 Metaspace       used 69613K, capacity 71894K, committed 72192K, reserved 1112064K
  class space    used 9066K, capacity 9617K, committed 9728K, reserved 1048576K
}
Event: 1151.338 GC heap before
{Heap before GC invocations=16 (full 3):
 PSYoungGen      total 297984K, used 293566K [0x00000000e0000000, 0x00000000f4100000, 0x0000000100000000)
  eden space 285696K, 100% used [0x00000000e0000000,0x00000000f1700000,0x00000000f1700000)
  from space 12288K, 64% used [0x00000000f3500000,0x00000000f3cafb58,0x00000000f4100000)
  to   space 21504K, 0% used [0x00000000f1700000,0x00000000f1700000,0x00000000f2c00000)
 ParOldGen       total 80384K, used 40355K [0x00000000a0000000, 0x00000000a4e80000, 0x00000000e0000000)
  object space 80384K, 50% used [0x00000000a0000000,0x00000000a2768fa8,0x00000000a4e80000)
 Metaspace       used 70852K, capacity 73518K, committed 73600K, reserved 1114112K
  class space    used 9156K, capacity 9797K, committed 9856K, reserved 1048576K
Event: 1151.406 GC heap after
Heap after GC invocations=16 (full 3):
 PSYoungGen      total 307200K, used 7463K [0x00000000e0000000, 0x00000000f4100000, 0x0000000100000000)
  eden space 285696K, 0% used [0x00000000e0000000,0x00000000e0000000,0x00000000f1700000)
  from space 21504K, 34% used [0x00000000f1700000,0x00000000f1e49f30,0x00000000f2c00000)
  to   space 12288K, 0% used [0x00000000f3500000,0x00000000f3500000,0x00000000f4100000)
 ParOldGen       total 80384K, used 42707K [0x00000000a0000000, 0x00000000a4e80000, 0x00000000e0000000)
  object space 80384K, 53% used [0x00000000a0000000,0x00000000a29b4cf8,0x00000000a4e80000)
 Metaspace       used 70852K, capacity 73518K, committed 73600K, reserved 1114112K
  class space    used 9156K, capacity 9797K, committed 9856K, reserved 1048576K
}

