# JRE version: OpenJDK Runtime Environment (8.0_152-b01) (build 1.8.0_152-release-1343-b01)
# Java VM: OpenJDK 64-Bit Server VM (25.152-b01 mixed mode windows-amd64 compressed oops)
Heap:
 PSYoungGen      total 130048K, used 66228K [0x00000000e0000000, 0x00000000e9280000, 0x0000000100000000)
  eden space 118272K, 55% used [0x00000000e0000000,0x00000000e40ad378,0x00000000e7380000)
  from space 11776K, 0% used [0x00000000e8700000,0x00000000e8700000,0x00000000e9280000)
  to   space 14336K, 0% used [0x00000000e7680000,0x00000000e7680000,0x00000000e8480000)
 ParOldGen       total 61440K, used 30868K [0x00000000a0000000, 0x00000000a3c00000, 0x00000000e0000000)
  object space 61440K, 50% used [0x00000000a0000000,0x00000000a1e25348,0x00000000a3c00000)
 Metaspace       used 60054K, capacity 61942K, committed 62208K, reserved 1103872K
  class space    used 8208K, capacity 8692K, committed 8704K, reserved 1048576K
GC Heap History (10 events):
Event: 9.557 GC heap before
{Heap before GC invocations=11 (full 2):
 PSYoungGen      total 105984K, used 9936K [0x00000000e0000000, 0x00000000e9280000, 0x0000000100000000)
  eden space 95232K, 0% used [0x00000000e0000000,0x00000000e0000000,0x00000000e5d00000)
  from space 10752K, 92% used [0x00000000e5d00000,0x00000000e66b40e0,0x00000000e6780000)
  to   space 11776K, 0% used [0x00000000e8700000,0x00000000e8700000,0x00000000e9280000)
 ParOldGen       total 42496K, used 12382K [0x00000000a0000000, 0x00000000a2980000, 0x00000000e0000000)
  object space 42496K, 29% used [0x00000000a0000000,0x00000000a0c17ae0,0x00000000a2980000)
 Metaspace       used 34834K, capacity 35476K, committed 35496K, reserved 1079296K
  class space    used 4868K, capacity 5112K, committed 5120K, reserved 1048576K
Event: 9.659 GC heap after
Heap after GC invocations=11 (full 2):
 PSYoungGen      total 105984K, used 0K [0x00000000e0000000, 0x00000000e9280000, 0x0000000100000000)
  eden space 95232K, 0% used [0x00000000e0000000,0x00000000e0000000,0x00000000e5d00000)
  from space 10752K, 0% used [0x00000000e5d00000,0x00000000e5d00000,0x00000000e6780000)
  to   space 11776K, 0% used [0x00000000e8700000,0x00000000e8700000,0x00000000e9280000)
 ParOldGen       total 61440K, used 16710K [0x00000000a0000000, 0x00000000a3c00000, 0x00000000e0000000)
  object space 61440K, 27% used [0x00000000a0000000,0x00000000a1051bd0,0x00000000a3c00000)
 Metaspace       used 34834K, capacity 35476K, committed 35496K, reserved 1079296K
  class space    used 4868K, capacity 5112K, committed 5120K, reserved 1048576K
}
Event: 11.894 GC heap before
{Heap before GC invocations=12 (full 2):
 PSYoungGen      total 105984K, used 95232K [0x00000000e0000000, 0x00000000e9280000, 0x0000000100000000)
  eden space 95232K, 100% used [0x00000000e0000000,0x00000000e5d00000,0x00000000e5d00000)
  from space 10752K, 0% used [0x00000000e5d00000,0x00000000e5d00000,0x00000000e6780000)
  to   space 11776K, 0% used [0x00000000e8700000,0x00000000e8700000,0x00000000e9280000)
 ParOldGen       total 61440K, used 16710K [0x00000000a0000000, 0x00000000a3c00000, 0x00000000e0000000)
  object space 61440K, 27% used [0x00000000a0000000,0x00000000a1051bd0,0x00000000a3c00000)
 Metaspace       used 43114K, capacity 44016K, committed 44416K, reserved 1087488K
  class space    used 5863K, capacity 6171K, committed 6272K, reserved 1048576K
Event: 11.919 GC heap after
Heap after GC invocations=12 (full 2):
 PSYoungGen      total 130048K, used 11744K [0x00000000e0000000, 0x00000000e9280000, 0x0000000100000000)
  eden space 118272K, 0% used [0x00000000e0000000,0x00000000e0000000,0x00000000e7380000)
  from space 11776K, 99% used [0x00000000e8700000,0x00000000e9278358,0x00000000e9280000)
  to   space 14336K, 0% used [0x00000000e7680000,0x00000000e7680000,0x00000000e8480000)
 ParOldGen       total 61440K, used 19221K [0x00000000a0000000, 0x00000000a3c00000, 0x00000000e0000000)
  object space 61440K, 31% used [0x00000000a0000000,0x00000000a12c5460,0x00000000a3c00000)
 Metaspace       used 43114K, capacity 44016K, committed 44416K, reserved 1087488K
  class space    used 5863K, capacity 6171K, committed 6272K, reserved 1048576K
}
Event: 14.505 GC heap before
{Heap before GC invocations=13 (full 2):
 PSYoungGen      total 130048K, used 130016K [0x00000000e0000000, 0x00000000e9280000, 0x0000000100000000)
  eden space 118272K, 100% used [0x00000000e0000000,0x00000000e7380000,0x00000000e7380000)
  from space 11776K, 99% used [0x00000000e8700000,0x00000000e9278358,0x00000000e9280000)
  to   space 14336K, 0% used [0x00000000e7680000,0x00000000e7680000,0x00000000e8480000)
 ParOldGen       total 61440K, used 19221K [0x00000000a0000000, 0x00000000a3c00000, 0x00000000e0000000)
  object space 61440K, 31% used [0x00000000a0000000,0x00000000a12c5460,0x00000000a3c00000)
 Metaspace       used 53247K, capacity 54426K, committed 54656K, reserved 1095680K
  class space    used 7190K, capacity 7540K, committed 7552K, reserved 1048576K
Event: 14.540 GC heap after
Heap after GC invocations=13 (full 2):
 PSYoungGen      total 132608K, used 14330K [0x00000000e0000000, 0x00000000e9280000, 0x0000000100000000)
  eden space 118272K, 0% used [0x00000000e0000000,0x00000000e0000000,0x00000000e7380000)
  from space 14336K, 99% used [0x00000000e7680000,0x00000000e847e850,0x00000000e8480000)
  to   space 11776K, 0% used [0x00000000e8700000,0x00000000e8700000,0x00000000e9280000)
 ParOldGen       total 61440K, used 23812K [0x00000000a0000000, 0x00000000a3c00000, 0x00000000e0000000)
  object space 61440K, 38% used [0x00000000a0000000,0x00000000a1741148,0x00000000a3c00000)
 Metaspace       used 53247K, capacity 54426K, committed 54656K, reserved 1095680K
  class space    used 7190K, capacity 7540K, committed 7552K, reserved 1048576K
}
Event: 16.388 GC heap before
{Heap before GC invocations=14 (full 2):
 PSYoungGen      total 132608K, used 82463K [0x00000000e0000000, 0x00000000e9280000, 0x0000000100000000)
  eden space 118272K, 57% used [0x00000000e0000000,0x00000000e4289518,0x00000000e7380000)
  from space 14336K, 99% used [0x00000000e7680000,0x00000000e847e850,0x00000000e8480000)
  to   space 11776K, 0% used [0x00000000e8700000,0x00000000e8700000,0x00000000e9280000)
 ParOldGen       total 61440K, used 23812K [0x00000000a0000000, 0x00000000a3c00000, 0x00000000e0000000)
  object space 61440K, 38% used [0x00000000a0000000,0x00000000a1741148,0x00000000a3c00000)
 Metaspace       used 57442K, capacity 59008K, committed 59136K, reserved 1099776K
  class space    used 7900K, capacity 8343K, committed 8448K, reserved 1048576K
Event: 16.414 GC heap after
Heap after GC invocations=14 (full 2):
 PSYoungGen      total 130048K, used 9010K [0x00000000e0000000, 0x00000000e9280000, 0x0000000100000000)
  eden space 118272K, 0% used [0x00000000e0000000,0x00000000e0000000,0x00000000e7380000)
  from space 11776K, 76% used [0x00000000e8700000,0x00000000e8fcc848,0x00000000e9280000)
  to   space 14336K, 0% used [0x00000000e7680000,0x00000000e7680000,0x00000000e8480000)
 ParOldGen       total 61440K, used 31658K [0x00000000a0000000, 0x00000000a3c00000, 0x00000000e0000000)
  object space 61440K, 51% used [0x00000000a0000000,0x00000000a1eea8c0,0x00000000a3c00000)
 Metaspace       used 57442K, capacity 59008K, committed 59136K, reserved 1099776K
  class space    used 7900K, capacity 8343K, committed 8448K, reserved 1048576K
}
Event: 16.414 GC heap before
{Heap before GC invocations=15 (full 3):
 PSYoungGen      total 130048K, used 9010K [0x00000000e0000000, 0x00000000e9280000, 0x0000000100000000)
  eden space 118272K, 0% used [0x00000000e0000000,0x00000000e0000000,0x00000000e7380000)
  from space 11776K, 76% used [0x00000000e8700000,0x00000000e8fcc848,0x00000000e9280000)
  to   space 14336K, 0% used [0x00000000e7680000,0x00000000e7680000,0x00000000e8480000)
 ParOldGen       total 61440K, used 31658K [0x00000000a0000000, 0x00000000a3c00000, 0x00000000e0000000)
  object space 61440K, 51% used [0x00000000a0000000,0x00000000a1eea8c0,0x00000000a3c00000)
 Metaspace       used 57442K, capacity 59008K, committed 59136K, reserved 1099776K
  class space    used 7900K, capacity 8343K, committed 8448K, reserved 1048576K
Event: 16.803 GC heap after
Heap after GC invocations=15 (full 3):
 PSYoungGen      total 130048K, used 0K [0x00000000e0000000, 0x00000000e9280000, 0x0000000100000000)
  eden space 118272K, 0% used [0x00000000e0000000,0x00000000e0000000,0x00000000e7380000)
  from space 11776K, 0% used [0x00000000e8700000,0x00000000e8700000,0x00000000e9280000)
  to   space 14336K, 0% used [0x00000000e7680000,0x00000000e7680000,0x00000000e8480000)
 ParOldGen       total 61440K, used 30868K [0x00000000a0000000, 0x00000000a3c00000, 0x00000000e0000000)
  object space 61440K, 50% used [0x00000000a0000000,0x00000000a1e25348,0x00000000a3c00000)
 Metaspace       used 57442K, capacity 59008K, committed 59136K, reserved 1099776K
  class space    used 7900K, capacity 8343K, committed 8448K, reserved 1048576K
}

