# JRE version: OpenJDK Runtime Environment (8.0_152-b01) (build 1.8.0_152-release-1343-b01)
# Java VM: OpenJDK 64-Bit Server VM (25.152-b01 mixed mode windows-amd64 compressed oops)
Heap:
 PSYoungGen      total 325632K, used 209672K [0x00000000e0000000, 0x00000000f7080000, 0x0000000100000000)
  eden space 300544K, 65% used [0x00000000e0000000,0x00000000ebfdb4b8,0x00000000f2580000)
  from space 25088K, 52% used [0x00000000f3d00000,0x00000000f49e6cb8,0x00000000f5580000)
  to   space 24064K, 0% used [0x00000000f2580000,0x00000000f2580000,0x00000000f3d00000)
 ParOldGen       total 135168K, used 47975K [0x00000000a0000000, 0x00000000a8400000, 0x00000000e0000000)
  object space 135168K, 35% used [0x00000000a0000000,0x00000000a2ed9db0,0x00000000a8400000)
 Metaspace       used 94091K, capacity 97856K, committed 98008K, reserved 1134592K
  class space    used 11826K, capacity 12512K, committed 12544K, reserved 1048576K
GC Heap History (10 events):
Event: 3285.629 GC heap before
{Heap before GC invocations=32 (full 4):
 PSYoungGen      total 308224K, used 292233K [0x00000000e0000000, 0x00000000f6280000, 0x0000000100000000)
  eden space 282112K, 100% used [0x00000000e0000000,0x00000000f1380000,0x00000000f1380000)
  from space 26112K, 38% used [0x00000000f1380000,0x00000000f1d62538,0x00000000f2d00000)
  to   space 25600K, 0% used [0x00000000f4980000,0x00000000f4980000,0x00000000f6280000)
 ParOldGen       total 135168K, used 47207K [0x00000000a0000000, 0x00000000a8400000, 0x00000000e0000000)
  object space 135168K, 34% used [0x00000000a0000000,0x00000000a2e19d80,0x00000000a8400000)
 Metaspace       used 93800K, capacity 97526K, committed 97752K, reserved 1134592K
  class space    used 11808K, capacity 12487K, committed 12544K, reserved 1048576K
Event: 3285.660 GC heap after
Heap after GC invocations=32 (full 4):
 PSYoungGen      total 335360K, used 10579K [0x00000000e0000000, 0x00000000f6080000, 0x0000000100000000)
  eden space 311808K, 0% used [0x00000000e0000000,0x00000000e0000000,0x00000000f3080000)
  from space 23552K, 44% used [0x00000000f4980000,0x00000000f53d4c60,0x00000000f6080000)
  to   space 24576K, 0% used [0x00000000f3080000,0x00000000f3080000,0x00000000f4880000)
 ParOldGen       total 135168K, used 47215K [0x00000000a0000000, 0x00000000a8400000, 0x00000000e0000000)
  object space 135168K, 34% used [0x00000000a0000000,0x00000000a2e1bd80,0x00000000a8400000)
 Metaspace       used 93800K, capacity 97526K, committed 97752K, reserved 1134592K
  class space    used 11808K, capacity 12487K, committed 12544K, reserved 1048576K
}
Event: 3288.876 GC heap before
{Heap before GC invocations=33 (full 4):
 PSYoungGen      total 335360K, used 322387K [0x00000000e0000000, 0x00000000f6080000, 0x0000000100000000)
  eden space 311808K, 100% used [0x00000000e0000000,0x00000000f3080000,0x00000000f3080000)
  from space 23552K, 44% used [0x00000000f4980000,0x00000000f53d4c60,0x00000000f6080000)
  to   space 24576K, 0% used [0x00000000f3080000,0x00000000f3080000,0x00000000f4880000)
 ParOldGen       total 135168K, used 47215K [0x00000000a0000000, 0x00000000a8400000, 0x00000000e0000000)
  object space 135168K, 34% used [0x00000000a0000000,0x00000000a2e1bd80,0x00000000a8400000)
 Metaspace       used 93836K, capacity 97532K, committed 97752K, reserved 1134592K
  class space    used 11809K, capacity 12488K, committed 12544K, reserved 1048576K
Event: 3288.913 GC heap after
Heap after GC invocations=33 (full 4):
 PSYoungGen      total 336384K, used 17315K [0x00000000e0000000, 0x00000000f6080000, 0x0000000100000000)
  eden space 311808K, 0% used [0x00000000e0000000,0x00000000e0000000,0x00000000f3080000)
  from space 24576K, 70% used [0x00000000f3080000,0x00000000f4168f78,0x00000000f4880000)
  to   space 23552K, 0% used [0x00000000f4980000,0x00000000f4980000,0x00000000f6080000)
 ParOldGen       total 135168K, used 47215K [0x00000000a0000000, 0x00000000a8400000, 0x00000000e0000000)
  object space 135168K, 34% used [0x00000000a0000000,0x00000000a2e1bd80,0x00000000a8400000)
 Metaspace       used 93836K, capacity 97532K, committed 97752K, reserved 1134592K
  class space    used 11809K, capacity 12488K, committed 12544K, reserved 1048576K
}
Event: 3291.879 GC heap before
{Heap before GC invocations=34 (full 4):
 PSYoungGen      total 336384K, used 329123K [0x00000000e0000000, 0x00000000f6080000, 0x0000000100000000)
  eden space 311808K, 100% used [0x00000000e0000000,0x00000000f3080000,0x00000000f3080000)
  from space 24576K, 70% used [0x00000000f3080000,0x00000000f4168f78,0x00000000f4880000)
  to   space 23552K, 0% used [0x00000000f4980000,0x00000000f4980000,0x00000000f6080000)
 ParOldGen       total 135168K, used 47215K [0x00000000a0000000, 0x00000000a8400000, 0x00000000e0000000)
  object space 135168K, 34% used [0x00000000a0000000,0x00000000a2e1bd80,0x00000000a8400000)
 Metaspace       used 93846K, capacity 97532K, committed 97752K, reserved 1134592K
  class space    used 11809K, capacity 12488K, committed 12544K, reserved 1048576K
Event: 3291.904 GC heap after
Heap after GC invocations=34 (full 4):
 PSYoungGen      total 335360K, used 17872K [0x00000000e0000000, 0x00000000f6080000, 0x0000000100000000)
  eden space 311808K, 0% used [0x00000000e0000000,0x00000000e0000000,0x00000000f3080000)
  from space 23552K, 75% used [0x00000000f4980000,0x00000000f5af42a0,0x00000000f6080000)
  to   space 24576K, 0% used [0x00000000f3080000,0x00000000f3080000,0x00000000f4880000)
 ParOldGen       total 135168K, used 47223K [0x00000000a0000000, 0x00000000a8400000, 0x00000000e0000000)
  object space 135168K, 34% used [0x00000000a0000000,0x00000000a2e1dd80,0x00000000a8400000)
 Metaspace       used 93846K, capacity 97532K, committed 97752K, reserved 1134592K
  class space    used 11809K, capacity 12488K, committed 12544K, reserved 1048576K
}
Event: 3294.669 GC heap before
{Heap before GC invocations=35 (full 4):
 PSYoungGen      total 335360K, used 329680K [0x00000000e0000000, 0x00000000f6080000, 0x0000000100000000)
  eden space 311808K, 100% used [0x00000000e0000000,0x00000000f3080000,0x00000000f3080000)
  from space 23552K, 75% used [0x00000000f4980000,0x00000000f5af42a0,0x00000000f6080000)
  to   space 24576K, 0% used [0x00000000f3080000,0x00000000f3080000,0x00000000f4880000)
 ParOldGen       total 135168K, used 47223K [0x00000000a0000000, 0x00000000a8400000, 0x00000000e0000000)
  object space 135168K, 34% used [0x00000000a0000000,0x00000000a2e1dd80,0x00000000a8400000)
 Metaspace       used 93901K, capacity 97672K, committed 97752K, reserved 1134592K
  class space    used 11811K, capacity 12490K, committed 12544K, reserved 1048576K
Event: 3294.686 GC heap after
Heap after GC invocations=35 (full 4):
 PSYoungGen      total 311808K, used 11926K [0x00000000e0000000, 0x00000000f5580000, 0x0000000100000000)
  eden space 299520K, 0% used [0x00000000e0000000,0x00000000e0000000,0x00000000f2480000)
  from space 12288K, 97% used [0x00000000f3080000,0x00000000f3c25a48,0x00000000f3c80000)
  to   space 25088K, 0% used [0x00000000f3d00000,0x00000000f3d00000,0x00000000f5580000)
 ParOldGen       total 135168K, used 47543K [0x00000000a0000000, 0x00000000a8400000, 0x00000000e0000000)
  object space 135168K, 35% used [0x00000000a0000000,0x00000000a2e6dd90,0x00000000a8400000)
 Metaspace       used 93901K, capacity 97672K, committed 97752K, reserved 1134592K
  class space    used 11811K, capacity 12490K, committed 12544K, reserved 1048576K
}
Event: 3297.046 GC heap before
{Heap before GC invocations=36 (full 4):
 PSYoungGen      total 311808K, used 311446K [0x00000000e0000000, 0x00000000f5580000, 0x0000000100000000)
  eden space 299520K, 100% used [0x00000000e0000000,0x00000000f2480000,0x00000000f2480000)
  from space 12288K, 97% used [0x00000000f3080000,0x00000000f3c25a48,0x00000000f3c80000)
  to   space 25088K, 0% used [0x00000000f3d00000,0x00000000f3d00000,0x00000000f5580000)
 ParOldGen       total 135168K, used 47543K [0x00000000a0000000, 0x00000000a8400000, 0x00000000e0000000)
  object space 135168K, 35% used [0x00000000a0000000,0x00000000a2e6dd90,0x00000000a8400000)
 Metaspace       used 93943K, capacity 97714K, committed 98008K, reserved 1134592K
  class space    used 11817K, capacity 12499K, committed 12544K, reserved 1048576K
Event: 3297.080 GC heap after
Heap after GC invocations=36 (full 4):
 PSYoungGen      total 325632K, used 13211K [0x00000000e0000000, 0x00000000f7080000, 0x0000000100000000)
  eden space 300544K, 0% used [0x00000000e0000000,0x00000000e0000000,0x00000000f2580000)
  from space 25088K, 52% used [0x00000000f3d00000,0x00000000f49e6cb8,0x00000000f5580000)
  to   space 24064K, 0% used [0x00000000f2580000,0x00000000f2580000,0x00000000f3d00000)
 ParOldGen       total 135168K, used 47975K [0x00000000a0000000, 0x00000000a8400000, 0x00000000e0000000)
  object space 135168K, 35% used [0x00000000a0000000,0x00000000a2ed9db0,0x00000000a8400000)
 Metaspace       used 93943K, capacity 97714K, committed 98008K, reserved 1134592K
  class space    used 11817K, capacity 12499K, committed 12544K, reserved 1048576K
}

