# JRE version: OpenJDK Runtime Environment (8.0_152-b01) (build 1.8.0_152-release-1343-b01)
# Java VM: OpenJDK 64-Bit Server VM (25.152-b01 mixed mode windows-amd64 compressed oops)
Heap:
 PSYoungGen      total 103936K, used 69849K [0x00000000e0000000, 0x00000000e8c80000, 0x0000000100000000)
  eden space 97792K, 65% used [0x00000000e0000000,0x00000000e3e73ea0,0x00000000e5f80000)
  from space 6144K, 95% used [0x00000000e8680000,0x00000000e8c42880,0x00000000e8c80000)
  to   space 8704K, 0% used [0x00000000e7b80000,0x00000000e7b80000,0x00000000e8400000)
 ParOldGen       total 36864K, used 9735K [0x00000000a0000000, 0x00000000a2400000, 0x00000000e0000000)
  object space 36864K, 26% used [0x00000000a0000000,0x00000000a0981f30,0x00000000a2400000)
 Metaspace       used 30304K, capacity 30876K, committed 31104K, reserved 1075200K
  class space    used 4235K, capacity 4430K, committed 4480K, reserved 1048576K
GC Heap History (10 events):
Event: 3.592 GC heap before
{Heap before GC invocations=5 (full 0):
 PSYoungGen      total 35328K, used 35312K [0x00000000e0000000, 0x00000000e2500000, 0x0000000100000000)
  eden space 32768K, 100% used [0x00000000e0000000,0x00000000e2000000,0x00000000e2000000)
  from space 2560K, 99% used [0x00000000e2280000,0x00000000e24fc030,0x00000000e2500000)
  to   space 2560K, 0% used [0x00000000e2000000,0x00000000e2000000,0x00000000e2280000)
 ParOldGen       total 44032K, used 2517K [0x00000000a0000000, 0x00000000a2b00000, 0x00000000e0000000)
  object space 44032K, 5% used [0x00000000a0000000,0x00000000a02756c0,0x00000000a2b00000)
 Metaspace       used 13609K, capacity 13978K, committed 14208K, reserved 1060864K
  class space    used 1916K, capacity 2061K, committed 2176K, reserved 1048576K
Event: 3.602 GC heap after
Heap after GC invocations=5 (full 0):
 PSYoungGen      total 35328K, used 2528K [0x00000000e0000000, 0x00000000e4d00000, 0x0000000100000000)
  eden space 32768K, 0% used [0x00000000e0000000,0x00000000e0000000,0x00000000e2000000)
  from space 2560K, 98% used [0x00000000e2000000,0x00000000e2278040,0x00000000e2280000)
  to   space 6656K, 0% used [0x00000000e4680000,0x00000000e4680000,0x00000000e4d00000)
 ParOldGen       total 44032K, used 6458K [0x00000000a0000000, 0x00000000a2b00000, 0x00000000e0000000)
  object space 44032K, 14% used [0x00000000a0000000,0x00000000a064e8a0,0x00000000a2b00000)
 Metaspace       used 13609K, capacity 13978K, committed 14208K, reserved 1060864K
  class space    used 1916K, capacity 2061K, committed 2176K, reserved 1048576K
}
Event: 4.422 GC heap before
{Heap before GC invocations=6 (full 0):
 PSYoungGen      total 35328K, used 35296K [0x00000000e0000000, 0x00000000e4d00000, 0x0000000100000000)
  eden space 32768K, 100% used [0x00000000e0000000,0x00000000e2000000,0x00000000e2000000)
  from space 2560K, 98% used [0x00000000e2000000,0x00000000e2278040,0x00000000e2280000)
  to   space 6656K, 0% used [0x00000000e4680000,0x00000000e4680000,0x00000000e4d00000)
 ParOldGen       total 44032K, used 6458K [0x00000000a0000000, 0x00000000a2b00000, 0x00000000e0000000)
  object space 44032K, 14% used [0x00000000a0000000,0x00000000a064e8a0,0x00000000a2b00000)
 Metaspace       used 16587K, capacity 16970K, committed 17152K, reserved 1064960K
  class space    used 2394K, capacity 2551K, committed 2560K, reserved 1048576K
Event: 4.441 GC heap after
Heap after GC invocations=6 (full 0):
 PSYoungGen      total 71168K, used 6364K [0x00000000e0000000, 0x00000000e4f00000, 0x0000000100000000)
  eden space 64512K, 0% used [0x00000000e0000000,0x00000000e0000000,0x00000000e3f00000)
  from space 6656K, 95% used [0x00000000e4680000,0x00000000e4cb70a0,0x00000000e4d00000)
  to   space 7680K, 0% used [0x00000000e3f00000,0x00000000e3f00000,0x00000000e4680000)
 ParOldGen       total 44032K, used 6466K [0x00000000a0000000, 0x00000000a2b00000, 0x00000000e0000000)
  object space 44032K, 14% used [0x00000000a0000000,0x00000000a06508a0,0x00000000a2b00000)
 Metaspace       used 16587K, capacity 16970K, committed 17152K, reserved 1064960K
  class space    used 2394K, capacity 2551K, committed 2560K, reserved 1048576K
}
Event: 5.385 GC heap before
{Heap before GC invocations=7 (full 0):
 PSYoungGen      total 71168K, used 39746K [0x00000000e0000000, 0x00000000e4f00000, 0x0000000100000000)
  eden space 64512K, 51% used [0x00000000e0000000,0x00000000e2099888,0x00000000e3f00000)
  from space 6656K, 95% used [0x00000000e4680000,0x00000000e4cb70a0,0x00000000e4d00000)
  to   space 7680K, 0% used [0x00000000e3f00000,0x00000000e3f00000,0x00000000e4680000)
 ParOldGen       total 44032K, used 6466K [0x00000000a0000000, 0x00000000a2b00000, 0x00000000e0000000)
  object space 44032K, 14% used [0x00000000a0000000,0x00000000a06508a0,0x00000000a2b00000)
 Metaspace       used 20721K, capacity 21160K, committed 21296K, reserved 1067008K
  class space    used 2914K, capacity 3121K, committed 3200K, reserved 1048576K
Event: 5.395 GC heap after
Heap after GC invocations=7 (full 0):
 PSYoungGen      total 72192K, used 7654K [0x00000000e0000000, 0x00000000e8f00000, 0x0000000100000000)
  eden space 64512K, 0% used [0x00000000e0000000,0x00000000e0000000,0x00000000e3f00000)
  from space 7680K, 99% used [0x00000000e3f00000,0x00000000e4679b30,0x00000000e4680000)
  to   space 8704K, 0% used [0x00000000e8680000,0x00000000e8680000,0x00000000e8f00000)
 ParOldGen       total 44032K, used 7050K [0x00000000a0000000, 0x00000000a2b00000, 0x00000000e0000000)
  object space 44032K, 16% used [0x00000000a0000000,0x00000000a06e28e0,0x00000000a2b00000)
 Metaspace       used 20721K, capacity 21160K, committed 21296K, reserved 1067008K
  class space    used 2914K, capacity 3121K, committed 3200K, reserved 1048576K
}
Event: 5.396 GC heap before
{Heap before GC invocations=8 (full 1):
 PSYoungGen      total 72192K, used 7654K [0x00000000e0000000, 0x00000000e8f00000, 0x0000000100000000)
  eden space 64512K, 0% used [0x00000000e0000000,0x00000000e0000000,0x00000000e3f00000)
  from space 7680K, 99% used [0x00000000e3f00000,0x00000000e4679b30,0x00000000e4680000)
  to   space 8704K, 0% used [0x00000000e8680000,0x00000000e8680000,0x00000000e8f00000)
 ParOldGen       total 44032K, used 7050K [0x00000000a0000000, 0x00000000a2b00000, 0x00000000e0000000)
  object space 44032K, 16% used [0x00000000a0000000,0x00000000a06e28e0,0x00000000a2b00000)
 Metaspace       used 20721K, capacity 21160K, committed 21296K, reserved 1067008K
  class space    used 2914K, capacity 3121K, committed 3200K, reserved 1048576K
Event: 5.447 GC heap after
Heap after GC invocations=8 (full 1):
 PSYoungGen      total 72192K, used 0K [0x00000000e0000000, 0x00000000e8f00000, 0x0000000100000000)
  eden space 64512K, 0% used [0x00000000e0000000,0x00000000e0000000,0x00000000e3f00000)
  from space 7680K, 0% used [0x00000000e3f00000,0x00000000e3f00000,0x00000000e4680000)
  to   space 8704K, 0% used [0x00000000e8680000,0x00000000e8680000,0x00000000e8f00000)
 ParOldGen       total 36864K, used 9727K [0x00000000a0000000, 0x00000000a2400000, 0x00000000e0000000)
  object space 36864K, 26% used [0x00000000a0000000,0x00000000a097ff30,0x00000000a2400000)
 Metaspace       used 20721K, capacity 21160K, committed 21296K, reserved 1067008K
  class space    used 2914K, capacity 3121K, committed 3200K, reserved 1048576K
}
Event: 23.610 GC heap before
{Heap before GC invocations=9 (full 1):
 PSYoungGen      total 72192K, used 64512K [0x00000000e0000000, 0x00000000e8f00000, 0x0000000100000000)
  eden space 64512K, 100% used [0x00000000e0000000,0x00000000e3f00000,0x00000000e3f00000)
  from space 7680K, 0% used [0x00000000e3f00000,0x00000000e3f00000,0x00000000e4680000)
  to   space 8704K, 0% used [0x00000000e8680000,0x00000000e8680000,0x00000000e8f00000)
 ParOldGen       total 36864K, used 9727K [0x00000000a0000000, 0x00000000a2400000, 0x00000000e0000000)
  object space 36864K, 26% used [0x00000000a0000000,0x00000000a097ff30,0x00000000a2400000)
 Metaspace       used 26282K, capacity 26862K, committed 27008K, reserved 1073152K
  class space    used 3640K, capacity 3864K, committed 3968K, reserved 1048576K
Event: 23.631 GC heap after
Heap after GC invocations=9 (full 1):
 PSYoungGen      total 103936K, used 5898K [0x00000000e0000000, 0x00000000e8c80000, 0x0000000100000000)
  eden space 97792K, 0% used [0x00000000e0000000,0x00000000e0000000,0x00000000e5f80000)
  from space 6144K, 95% used [0x00000000e8680000,0x00000000e8c42880,0x00000000e8c80000)
  to   space 8704K, 0% used [0x00000000e7b80000,0x00000000e7b80000,0x00000000e8400000)
 ParOldGen       total 36864K, used 9735K [0x00000000a0000000, 0x00000000a2400000, 0x00000000e0000000)
  object space 36864K, 26% used [0x00000000a0000000,0x00000000a0981f30,0x00000000a2400000)
 Metaspace       used 26282K, capacity 26862K, committed 27008K, reserved 1073152K
  class space    used 3640K, capacity 3864K, committed 3968K, reserved 1048576K
}

